[    0.000000] Initializing cgroup subsys cpuset
[    0.000000] Initializing cgroup subsys cpu
[    0.000000] Initializing cgroup subsys cpuacct
[    0.000000] Linux version 4.4.0-79-generic (buildd@lcy01-30) (gcc version 5.4.0 20160609 (Ubuntu 5.4.0-6ubuntu1~16.04.4) ) #100-Ubuntu SMP Wed May 17 19:58:14 UTC 2017 (Ubuntu 4.4.0-79.100-generic 4.4.67)
[    0.000000] Command line: BOOT_IMAGE=/boot/vmlinuz-4.4.0-79-generic root=UUID=ed439d3d-c054-4798-a42c-bba2846fc24c ro console=tty1 console=ttyS0
[    0.000000] KERNEL supported cpus:
[    0.000000]   Intel GenuineIntel
[    0.000000]   AMD AuthenticAMD
[    0.000000]   Centaur CentaurHauls
[    0.000000] ------------[ cut here ]------------
[    0.000000] WARNING: CPU: 0 PID: 0 at /build/linux-As38az/linux-4.4.0/arch/x86/kernel/fpu/xstate.c:517 fpu__init_system_xstate+0x38b/0x75a()
[    0.000000] XSAVE consistency problem, dumping leaves
[    0.000000] Modules linked in:
[    0.000000] CPU: 0 PID: 0 Comm: swapper Not tainted 4.4.0-79-generic #100-Ubuntu
[    0.000000]  0000000000000086 0337da1d143f289a ffffffff81e03d80 ffffffff813f94d3
[    0.000000]  ffffffff81e03dc8 ffffffff81ca9e60 ffffffff81e03db8 ffffffff81081322
[    0.000000]  ffffffff81e03e48 ffffffff81e03e4c 0000000000000008 0000000000000100
[    0.000000] Call Trace:
[    0.000000]  [<ffffffff813f94d3>] dump_stack+0x63/0x90
[    0.000000]  [<ffffffff81081322>] warn_slowpath_common+0x82/0xc0
[    0.000000]  [<ffffffff810813bc>] warn_slowpath_fmt+0x5c/0x80
[    0.000000]  [<ffffffff8107cff0>] ? xfeature_size+0x59/0x77
[    0.000000]  [<ffffffff81f6d222>] fpu__init_system_xstate+0x38b/0x75a
[    0.000000]  [<ffffffff81f5d120>] ? early_idt_handler_array+0x120/0x120
[    0.000000]  [<ffffffff81f6cb8d>] fpu__init_system+0x10d/0x245
[    0.000000]  [<ffffffff81f6dc96>] early_cpu_init+0x139/0x13e
[    0.000000]  [<ffffffff81f6dc96>] ? early_cpu_init+0x139/0x13e
[    0.000000]  [<ffffffff81f6919d>] setup_arch+0xb4/0xcf1
[    0.000000]  [<ffffffff81f5d120>] ? early_idt_handler_array+0x120/0x120
[    0.000000]  [<ffffffff81f5dc74>] start_kernel+0xe4/0x4a2
[    0.000000]  [<ffffffff81f5d120>] ? early_idt_handler_array+0x120/0x120
[    0.000000]  [<ffffffff81f5d339>] x86_64_start_reservations+0x2a/0x2c
[    0.000000]  [<ffffffff81f5d485>] x86_64_start_kernel+0x14a/0x16d
[    0.000000] ---[ end trace 4d5ff9f2f68c4233 ]---
[    0.000000] CPUID[0d, 00]: eax=00000007 ebx=00000440 ecx=00000440 edx=00000000
[    0.000000] CPUID[0d, 01]: eax=00000000 ebx=000003c0 ecx=00000000 edx=00000000
[    0.000000] CPUID[0d, 02]: eax=00000100 ebx=00000240 ecx=00000000 edx=00000000
[    0.000000] CPUID[0d, 03]: eax=00000000 ebx=00000000 ecx=00000000 edx=00000000
[    0.000000] CPUID[0d, 04]: eax=00000000 ebx=00000000 ecx=00000000 edx=00000000
[    0.000000] CPUID[0d, 05]: eax=00000000 ebx=00000000 ecx=00000000 edx=00000000
[    0.000000] CPUID[0d, 06]: eax=00000000 ebx=00000000 ecx=00000000 edx=00000000
[    0.000000] CPUID[0d, 07]: eax=00000000 ebx=00000000 ecx=00000000 edx=00000000
[    0.000000] CPUID[0d, 08]: eax=00000000 ebx=00000000 ecx=00000000 edx=00000000
[    0.000000] CPUID[0d, 09]: eax=00000000 ebx=00000000 ecx=00000000 edx=00000000
[    0.000000] CPUID[0d, 0a]: eax=00000000 ebx=00000000 ecx=00000000 edx=00000000
[    0.000000] CPUID[0d, 0b]: eax=00000000 ebx=00000000 ecx=00000000 edx=00000000
[    0.000000] CPUID[0d, 0c]: eax=00000000 ebx=00000000 ecx=00000000 edx=00000000
[    0.000000] CPUID[0d, 0d]: eax=00000000 ebx=00000000 ecx=00000000 edx=00000000
[    0.000000] CPUID[0d, 0e]: eax=00000000 ebx=00000000 ecx=00000000 edx=00000000
[    0.000000] CPUID[0d, 0f]: eax=00000000 ebx=00000000 ecx=00000000 edx=00000000
[    0.000000] CPUID[0d, 10]: eax=00000000 ebx=00000000 ecx=00000000 edx=00000000
[    0.000000] CPUID[0d, 11]: eax=00000000 ebx=00000000 ecx=00000000 edx=00000000
[    0.000000] x86/fpu: xstate_offset[2]:  576, xstate_sizes[2]:  256
[    0.000000] x86/fpu: Supporting XSAVE feature 0x01: 'x87 floating point registers'
[    0.000000] x86/fpu: Supporting XSAVE feature 0x02: 'SSE registers'
[    0.000000] x86/fpu: Supporting XSAVE feature 0x04: 'AVX registers'
[    0.000000] x86/fpu: Enabled xstate features 0x7, context size is 1088 bytes, using 'standard' format.
[    0.000000] x86/fpu: Using 'lazy' FPU context switches.
[    0.000000] e820: BIOS-provided physical RAM map:
[    0.000000] BIOS-e820: [mem 0x0000000000000000-0x000000000009fbff] usable
[    0.000000] BIOS-e820: [mem 0x000000000009fc00-0x000000000009ffff] reserved
[    0.000000] BIOS-e820: [mem 0x00000000000f0000-0x00000000000fffff] reserved
[    0.000000] BIOS-e820: [mem 0x0000000000100000-0x00000000dffeffff] usable
[    0.000000] BIOS-e820: [mem 0x00000000dfff0000-0x00000000dfffffff] ACPI data
[    0.000000] BIOS-e820: [mem 0x00000000fec00000-0x00000000fec00fff] reserved
[    0.000000] BIOS-e820: [mem 0x00000000fee00000-0x00000000fee00fff] reserved
[    0.000000] BIOS-e820: [mem 0x00000000fffc0000-0x00000000ffffffff] reserved
[    0.000000] BIOS-e820: [mem 0x0000000100000000-0x000000011fffffff] usable
[    0.000000] NX (Execute Disable) protection: active
[    0.000000] SMBIOS 2.5 present.
[    0.000000] Hypervisor detected: KVM
[    0.000000] e820: last_pfn = 0x120000 max_arch_pfn = 0x400000000
[    0.000000] MTRR: Disabled
[    0.000000] x86/PAT: MTRRs disabled, skipping PAT initialization too.
[    0.000000] x86/PAT: Configuration [0-7]: WB  WT  UC- UC  WB  WT  UC- UC  
[    0.000000] CPU MTRRs all blank - virtualized system.
[    0.000000] e820: last_pfn = 0xdfff0 max_arch_pfn = 0x400000000
[    0.000000] found SMP MP-table at [mem 0x0009fff0-0x0009ffff] mapped at [ffff88000009fff0]
[    0.000000] Scanning 1 areas for low memory corruption
[    0.000000] RAMDISK: [mem 0x3383a000-0x35c14fff]
[    0.000000] ACPI: Early table checksum verification disabled
[    0.000000] ACPI: RSDP 0x00000000000E0000 000024 (v02 VBOX  )
[    0.000000] ACPI: XSDT 0x00000000DFFF0030 00003C (v01 VBOX   VBOXXSDT 00000001 ASL  00000061)
[    0.000000] ACPI: FACP 0x00000000DFFF00F0 0000F4 (v04 VBOX   VBOXFACP 00000001 ASL  00000061)
[    0.000000] ACPI: DSDT 0x00000000DFFF0480 0021C8 (v02 VBOX   VBOXBIOS 00000002 INTL 20100528)
[    0.000000] ACPI: FACS 0x00000000DFFF0200 000040
[    0.000000] ACPI: FACS 0x00000000DFFF0200 000040
[    0.000000] ACPI: APIC 0x00000000DFFF0240 000064 (v02 VBOX   VBOXAPIC 00000001 ASL  00000061)
[    0.000000] ACPI: SSDT 0x00000000DFFF02B0 0001CC (v01 VBOX   VBOXCPUT 00000002 INTL 20100528)
[    0.000000] No NUMA configuration found
[    0.000000] Faking a node at [mem 0x0000000000000000-0x000000011fffffff]
[    0.000000] NODE_DATA(0) allocated [mem 0x11fff7000-0x11fffbfff]
[    0.000000] kvm-clock: Using msrs 4b564d01 and 4b564d00
[    0.000000] kvm-clock: cpu 0, msr 1:1ffef001, primary cpu clock
[    0.000000] kvm-clock: using sched offset of 4057915100 cycles
[    0.000000] clocksource: kvm-clock: mask: 0xffffffffffffffff max_cycles: 0x1cd42e4dffb, max_idle_ns: 881590591483 ns
[    0.000000] Zone ranges:
[    0.000000]   DMA      [mem 0x0000000000001000-0x0000000000ffffff]
[    0.000000]   DMA32    [mem 0x0000000001000000-0x00000000ffffffff]
[    0.000000]   Normal   [mem 0x0000000100000000-0x000000011fffffff]
[    0.000000]   Device   empty
[    0.000000] Movable zone start for each node
[    0.000000] Early memory node ranges
[    0.000000]   node   0: [mem 0x0000000000001000-0x000000000009efff]
[    0.000000]   node   0: [mem 0x0000000000100000-0x00000000dffeffff]
[    0.000000]   node   0: [mem 0x0000000100000000-0x000000011fffffff]
[    0.000000] Initmem setup node 0 [mem 0x0000000000001000-0x000000011fffffff]
[    0.000000] ACPI: PM-Timer IO Port: 0x4008
[    0.000000] IOAPIC[0]: apic_id 3, version 32, address 0xfec00000, GSI 0-23
[    0.000000] ACPI: INT_SRC_OVR (bus 0 bus_irq 0 global_irq 2 dfl dfl)
[    0.000000] ACPI: INT_SRC_OVR (bus 0 bus_irq 9 global_irq 9 high level)
[    0.000000] Using ACPI (MADT) for SMP configuration information
[    0.000000] smpboot: Allowing 3 CPUs, 0 hotplug CPUs
[    0.000000] PM: Registered nosave memory: [mem 0x00000000-0x00000fff]
[    0.000000] PM: Registered nosave memory: [mem 0x0009f000-0x0009ffff]
[    0.000000] PM: Registered nosave memory: [mem 0x000a0000-0x000effff]
[    0.000000] PM: Registered nosave memory: [mem 0x000f0000-0x000fffff]
[    0.000000] PM: Registered nosave memory: [mem 0xdfff0000-0xdfffffff]
[    0.000000] PM: Registered nosave memory: [mem 0xe0000000-0xfebfffff]
[    0.000000] PM: Registered nosave memory: [mem 0xfec00000-0xfec00fff]
[    0.000000] PM: Registered nosave memory: [mem 0xfec01000-0xfedfffff]
[    0.000000] PM: Registered nosave memory: [mem 0xfee00000-0xfee00fff]
[    0.000000] PM: Registered nosave memory: [mem 0xfee01000-0xfffbffff]
[    0.000000] PM: Registered nosave memory: [mem 0xfffc0000-0xffffffff]
[    0.000000] e820: [mem 0xe0000000-0xfebfffff] available for PCI devices
[    0.000000] Booting paravirtualized kernel on KVM
[    0.000000] clocksource: refined-jiffies: mask: 0xffffffff max_cycles: 0xffffffff, max_idle_ns: 7645519600211568 ns
[    0.000000] setup_percpu: NR_CPUS:512 nr_cpumask_bits:512 nr_cpu_ids:3 nr_node_ids:1
[    0.000000] PERCPU: Embedded 33 pages/cpu @ffff88011fc00000 s98264 r8192 d28712 u524288
[    0.000000] PV qspinlock hash table entries: 256 (order: 0, 4096 bytes)
[    0.000000] Built 1 zonelists in Node order, mobility grouping on.  Total pages: 1032057
[    0.000000] Policy zone: Normal
[    0.000000] Kernel command line: BOOT_IMAGE=/boot/vmlinuz-4.4.0-79-generic root=UUID=ed439d3d-c054-4798-a42c-bba2846fc24c ro console=tty1 console=ttyS0
[    0.000000] PID hash table entries: 4096 (order: 3, 32768 bytes)
[    0.000000] Memory: 4006244K/4193848K available (8469K kernel code, 1294K rwdata, 3984K rodata, 1484K init, 1316K bss, 187604K reserved, 0K cma-reserved)
[    0.000000] SLUB: HWalign=64, Order=0-3, MinObjects=0, CPUs=3, Nodes=1
[    0.000000] Hierarchical RCU implementation.
[    0.000000] 	Build-time adjustment of leaf fanout to 64.
[    0.000000] 	RCU restricting CPUs from NR_CPUS=512 to nr_cpu_ids=3.
[    0.000000] RCU: Adjusting geometry for rcu_fanout_leaf=64, nr_cpu_ids=3
[    0.000000] NR_IRQS:33024 nr_irqs:448 16
[    0.000000] Console: colour VGA+ 80x25
[    0.000000] console [tty1] enabled
[    0.000000] console [ttyS0] enabled
[    0.000000] tsc: Detected 3407.998 MHz processor
[   19.800736] Calibrating delay loop (skipped) preset value.. 6815.99 BogoMIPS (lpj=13631992)
[   19.907367] pid_max: default: 32768 minimum: 301
[   20.025101] ACPI: Core revision 20150930
[   20.149863] ACPI: 2 ACPI AML tables successfully acquired and loaded
[   20.355346] Security Framework initialized
[   20.508917] Yama: becoming mindful.
[   20.632541] AppArmor: AppArmor initialized
[   20.634487] Dentry cache hash table entries: 524288 (order: 10, 4194304 bytes)
[   20.901542] Inode-cache hash table entries: 262144 (order: 9, 2097152 bytes)
[   21.082182] Mount-cache hash table entries: 8192 (order: 4, 65536 bytes)
[   21.107370] Mountpoint-cache hash table entries: 8192 (order: 4, 65536 bytes)
[   21.108427] Initializing cgroup subsys io
[   21.108992] Initializing cgroup subsys memory
[   21.109704] Initializing cgroup subsys devices
[   21.110336] Initializing cgroup subsys freezer
[   21.110931] Initializing cgroup subsys net_cls
[   21.119534] Initializing cgroup subsys perf_event
[   21.120216] Initializing cgroup subsys net_prio
[   21.120837] Initializing cgroup subsys hugetlb
[   21.121488] Initializing cgroup subsys pids
[   21.122272] CPU: Physical Processor ID: 0
[   21.123266] CPU: Processor Core ID: 0
[   21.124736] mce: CPU supports 0 MCE banks
[   21.125327] Last level iTLB entries: 4KB 64, 2MB 8, 4MB 8
[   21.126086] Last level dTLB entries: 4KB 64, 2MB 0, 4MB 0, 1GB 4
[   21.128429] Freeing SMP alternatives memory: 32K (ffffffff820b8000 - ffffffff820c0000)
[   21.136543] ftrace: allocating 32127 entries in 126 pages
[   21.174997] smpboot: APIC(0) Converting physical 0 to logical package 0
[   21.399977] smpboot: Max logical packages: 1
[   21.543595] x2apic enabled
[   21.633257] Switched APIC routing to physical x2apic.
[   21.802651] ..TIMER: vector=0x30 apic1=0 pin1=2 apic2=-1 pin2=-1
[   22.124443] APIC calibration not consistent with PM-Timer: 103ms instead of 100ms
[   22.397492] APIC delta adjusted to PM-Timer: 6250332 (6500203)
[   22.599407] smpboot: CPU0: Intel(R) Core(TM) i7-6700 CPU @ 3.40GHz (family: 0x6, model: 0x5e, stepping: 0x3)
[   22.912162] Performance Events: unsupported p6 CPU model 94 no PMU driver, software events only.
[   23.216119] KVM setup paravirtual spinlock
[   23.336212] x86: Booting SMP configuration:
[   23.487895] .... node  #0, CPUs:      #1
[   23.605460] kvm-clock: cpu 1, msr 1:1ffef041, secondary cpu clock
[   23.815555] mce: CPU supports 0 MCE banks
[   23.930391]  #2
[   23.972070] kvm-clock: cpu 2, msr 1:1ffef081, secondary cpu clock
[   24.075840] mce: CPU supports 0 MCE banks
[   24.081241] x86: Booted up 1 node, 3 CPUs
[   24.081984] smpboot: Total of 3 processors activated (20447.98 BogoMIPS)
[   24.083739] devtmpfs: initialized
[   24.198782] evm: security.selinux
[   24.274717] evm: security.SMACK64
[   24.394942] evm: security.SMACK64EXEC
[   24.503008] evm: security.SMACK64TRANSMUTE
[   24.602074] evm: security.SMACK64MMAP
[   24.708095] evm: security.ima
[   24.818390] evm: security.capability
[   24.949676] clocksource: jiffies: mask: 0xffffffff max_cycles: 0xffffffff, max_idle_ns: 7645041785100000 ns
[   25.246027] futex hash table entries: 1024 (order: 4, 65536 bytes)
[   25.380297] pinctrl core: initialized pinctrl subsystem
[   25.544247] RTC time:  8:01:05, date: 06/15/17
[   25.717516] NET: Registered protocol family 16
[   25.854700] cpuidle: using governor ladder
[   26.007210] cpuidle: using governor menu
[   26.121370] PCCT header not found.
[   26.237665] ACPI: bus type PCI registered
[   26.358669] acpiphp: ACPI Hot Plug PCI Controller Driver version: 0.5
[   26.508476] PCI: Using configuration type 1 for base access
[   26.607850] ACPI: Added _OSI(Module Device)
[   26.745589] ACPI: Added _OSI(Processor Device)
[   26.893973] ACPI: Added _OSI(3.0 _SCP Extensions)
[   27.033920] ACPI: Added _OSI(Processor Aggregator Device)
[   27.193729] ACPI: Executed 1 blocks of module-level executable AML code
[   27.366349] ACPI: Interpreter enabled
[   27.419074] ACPI: (supports S0 S5)
[   27.419801] ACPI: Using IOAPIC for interrupt routing
[   27.420855] PCI: Using host bridge windows from ACPI; if necessary, use "pci=nocrs" and report a bug
[   27.457299] ACPI: PCI Root Bridge [PCI0] (domain 0000 [bus 00-ff])
[   27.574152] acpi PNP0A03:00: _OSC: OS supports [ASPM ClockPM Segments MSI]
[   27.800443] acpi PNP0A03:00: _OSC failed (AE_NOT_FOUND); disabling ASPM
[   27.983217] acpi PNP0A03:00: fail to add MMCONFIG information, can't access extended PCI configuration space under this bridge.
[   28.020787] PCI host bridge to bus 0000:00
[   28.026500] pci_bus 0000:00: root bus resource [io  0x0000-0x0cf7 window]
[   28.276549] pci_bus 0000:00: root bus resource [io  0x0d00-0xffff window]
[   28.511271] pci_bus 0000:00: root bus resource [mem 0x000a0000-0x000bffff window]
[   28.711342] pci_bus 0000:00: root bus resource [mem 0xe0000000-0xffdfffff window]
[   28.947541] pci_bus 0000:00: root bus resource [bus 00-ff]
[   29.012595] pci 0000:00:01.1: legacy IDE quirk: reg 0x10: [io  0x01f0-0x01f7]
[   29.225184] pci 0000:00:01.1: legacy IDE quirk: reg 0x14: [io  0x03f6]
[   29.424652] pci 0000:00:01.1: legacy IDE quirk: reg 0x18: [io  0x0170-0x0177]
[   29.628962] pci 0000:00:01.1: legacy IDE quirk: reg 0x1c: [io  0x0376]
[   29.839734] pci 0000:00:07.0: quirk: [io  0x4000-0x403f] claimed by PIIX4 ACPI
[   30.073819] pci 0000:00:07.0: quirk: [io  0x4100-0x410f] claimed by PIIX4 SMB
[   30.325950] ACPI: PCI Interrupt Link [LNKA] (IRQs 5 9 10 *11)
[   30.472777] ACPI: PCI Interrupt Link [LNKB] (IRQs 5 9 10 *11)
[   30.628951] ACPI: PCI Interrupt Link [LNKC] (IRQs 5 9 *10 11)
[   30.770302] ACPI: PCI Interrupt Link [LNKD] (IRQs 5 *9 10 11)
[   30.922296] ACPI: Enabled 2 GPEs in block 00 to 07
[   31.075637] vgaarb: setting as boot device: PCI:0000:00:02.0
[   31.256596] vgaarb: device added: PCI:0000:00:02.0,decodes=io+mem,owns=io+mem,locks=none
[   31.535951] vgaarb: loaded
[   31.619407] vgaarb: bridge control possible 0000:00:02.0
[   31.770756] SCSI subsystem initialized
[   31.846568] ACPI: bus type USB registered
[   31.934988] usbcore: registered new interface driver usbfs
[   32.091647] usbcore: registered new interface driver hub
[   32.227614] usbcore: registered new device driver usb
[   32.396216] PCI: Using ACPI for IRQ routing
[   32.534019] NetLabel: Initializing
[   32.536273] NetLabel:  domain hash size = 128
[   32.579346] NetLabel:  protocols = UNLABELED CIPSOv4
[   32.757427] NetLabel:  unlabeled traffic allowed by default
[   32.897112] amd_nb: Cannot enumerate AMD northbridges
[   33.069031] clocksource: Switched to clocksource kvm-clock
[   33.281683] AppArmor: AppArmor Filesystem Enabled
[   33.472341] pnp: PnP ACPI init
[   33.586973] pnp: PnP ACPI: found 3 devices
[   33.732578] clocksource: acpi_pm: mask: 0xffffff max_cycles: 0xffffff, max_idle_ns: 2085701024 ns
[   34.052047] NET: Registered protocol family 2
[   34.217455] TCP established hash table entries: 32768 (order: 6, 262144 bytes)
[   34.501779] TCP bind hash table entries: 32768 (order: 7, 524288 bytes)
[   34.726944] TCP: Hash tables configured (established 32768 bind 32768)
[   34.992720] UDP hash table entries: 2048 (order: 4, 65536 bytes)
[   35.201552] UDP-Lite hash table entries: 2048 (order: 4, 65536 bytes)
[   35.452422] NET: Registered protocol family 1
[   35.633699] pci 0000:00:00.0: Limiting direct PCI/PCI transfers
[   35.854528] pci 0000:00:01.0: Activating ISA DMA hang workarounds
[   36.065038] Unpacking initramfs...
[   36.743157] Freeing initrd memory: 36716K (ffff88003383a000 - ffff880035c15000)
[   36.758340] PCI-DMA: Using software bounce buffering for IO (SWIOTLB)
[   36.873423] software IO TLB [mem 0xdbff0000-0xdfff0000] (64MB) mapped at [ffff8800dbff0000-ffff8800dffeffff]
[   37.014913] platform rtc_cmos: registered platform RTC device (no PNP device found)
[   37.185679] Scanning for low memory corruption every 60 seconds
[   37.282064] audit: initializing netlink subsys (disabled)
[   37.439971] audit: type=2000 audit(1497513651.271:1): initialized
[   37.601058] Initialise system trusted keyring
[   37.699257] HugeTLB registered 2 MB page size, pre-allocated 0 pages
[   37.853661] zbud: loaded
[   37.893593] VFS: Disk quotas dquot_6.6.0
[   37.931856] VFS: Dquot-cache hash table entries: 512 (order 0, 4096 bytes)
[   38.105321] tsc: Refined TSC clocksource calibration: 3406.488 MHz
[   38.202668] clocksource: tsc: mask: 0xffffffffffffffff max_cycles: 0x311a3fb8ff9, max_idle_ns: 440795287286 ns
[   38.203030] squashfs: version 4.0 (2009/01/31) Phillip Lougher
[   38.210297] fuse init (API version 7.23)
[   38.220913] Key type big_key registered
[   38.350470] Allocating IMA MOK and blacklist keyrings.
[   38.374554] Key type asymmetric registered
[   38.417166] Asymmetric key parser 'x509' registered
[   38.418783] Block layer SCSI generic (bsg) driver version 0.4 loaded (major 249)
[   38.539593] io scheduler noop registered
[   38.540184] io scheduler deadline registered (default)
[   38.544526] io scheduler cfq registered
[   38.545366] pci_hotplug: PCI Hot Plug PCI Core version: 0.5
[   38.546360] pciehp: PCI Express Hot Plug Controller Driver version: 0.4
[   38.549436] ACPI: AC Adapter [AC] (on-line)
[   38.569108] input: Power Button as /devices/LNXSYSTM:00/LNXPWRBN:00/input/input0
[   38.572560] ACPI: Power Button [PWRF]
[   38.624824] input: Sleep Button as /devices/LNXSYSTM:00/LNXSLPBN:00/input/input1
[   38.632420] ACPI: Sleep Button [SLPF]
[   38.633351] GHES: HEST is not enabled!
[   38.642735] Serial: 8250/16550 driver, 32 ports, IRQ sharing enabled
[   38.693536] 00:02: ttyS0 at I/O 0x3f8 (irq = 4, base_baud = 115200) is a 16550A
[   38.703632] Linux agpgart interface v0.103
[   38.741939] loop: module loaded
[   38.781252] scsi host0: ata_piix
[   38.784013] scsi host1: ata_piix
[   38.784589] ata1: PATA max UDMA/33 cmd 0x1f0 ctl 0x3f6 bmdma 0xd000 irq 14
[   38.796517] ata2: PATA max UDMA/33 cmd 0x170 ctl 0x376 bmdma 0xd008 irq 15
[   38.803371] libphy: Fixed MDIO Bus: probed
[   38.825248] tun: Universal TUN/TAP device driver, 1.6
[   38.826120] tun: (C) 1999-2004 Max Krasnyansky <maxk@qualcomm.com>
[   38.827247] PPP generic driver version 2.4.2
[   38.957683] ehci_hcd: USB 2.0 'Enhanced' Host Controller (EHCI) Driver
[   39.072315] ehci-pci: EHCI PCI platform driver
[   39.177403] ehci-platform: EHCI generic platform driver
[   39.287279] ohci_hcd: USB 1.1 'Open' Host Controller (OHCI) Driver
[   39.401262] ohci-pci: OHCI PCI platform driver
[   39.499243] ohci-platform: OHCI generic platform driver
[   39.616091] uhci_hcd: USB Universal Host Controller Interface driver
[   39.791740] i8042: PNP: PS/2 Controller [PNP0303:PS2K,PNP0f03:PS2M] at 0x60,0x64 irq 1,12
[   40.021041] serio: i8042 KBD port at 0x60,0x64 irq 1
[   40.137989] serio: i8042 AUX port at 0x60,0x64 irq 12
[   40.273635] mousedev: PS/2 mouse device common for all mice
[   40.281631] rtc_cmos rtc_cmos: rtc core: registered rtc_cmos as rtc0
[   40.306687] rtc_cmos rtc_cmos: alarms up to one day, 114 bytes nvram
[   40.411143] input: AT Translated Set 2 keyboard as /devices/platform/i8042/serio0/input/input2
[   40.432280] i2c /dev entries driver
[   40.432880] device-mapper: uevent: version 1.0.3
[   40.463172] device-mapper: ioctl: 4.34.0-ioctl (2015-10-28) initialised: dm-devel@redhat.com
[   40.465659] ledtrig-cpu: registered to indicate activity on CPUs
[   40.467501] NET: Registered protocol family 10
[   40.502367] NET: Registered protocol family 17
[   40.619025] Key type dns_resolver registered
[   40.636621] microcode: CPU0 sig=0x506e3, pf=0x2, revision=0x0
[   40.805603] microcode: CPU1 sig=0x506e3, pf=0x2, revision=0x0
[   40.934160] microcode: CPU2 sig=0x506e3, pf=0x2, revision=0x0
[   41.079514] microcode: Microcode Update Driver: v2.01 <tigran@aivazian.fsnet.co.uk>, Peter Oruba
[   41.080822] registered taskstats version 1
[   41.168168] Loading compiled-in X.509 certificates
[   41.316183] Loaded X.509 cert 'Build time autogenerated kernel key: 761c03361fb5ffec61c19dca354b3d4126495503'
[   41.571120] zswap: loaded using pool lzo/zbud
[   41.668389] Key type trusted registered
[   41.678120] Key type encrypted registered
[   41.681777] AppArmor: AppArmor sha1 policy hashing enabled
[   41.684876] ima: No TPM chip found, activating TPM-bypass!
[   41.813160] evm: HMAC attrs: 0x1
[   41.929797]   Magic number: 5:933:17
[   42.014929] rtc_cmos rtc_cmos: setting system clock to 2017-06-15 08:01:22 UTC (1497513682)
[   42.085176] BIOS EDD facility v0.16 2004-Jun-25, 0 devices found
[   42.183652] EDD information not available.
[   42.185674] Freeing unused kernel memory: 1484K (ffffffff81f45000 - ffffffff820b8000)
[   42.203590] Write protecting the kernel read-only data: 14336k
[   42.205076] Freeing unused kernel memory: 1760K (ffff880001848000 - ffff880001a00000)
[   42.240878] Freeing unused kernel memory: 112K (ffff880001de4000 - ffff880001e00000)
Loading, please [   42.491349] random: systemd-udevd: uninitialized urandom read (16 bytes read, 4 bits of entropy available)
wait...
startin[   42.491758] random: udevadm: uninitialized urandom read (16 bytes read, 4 bits of entropy available)
g version 229
[   42.491780] random: udevadm: uninitialized urandom read (16 bytes read, 4 bits of entropy available)
[   42.491876] random: udevadm: uninitialized urandom read (16 bytes read, 4 bits of entropy available)
[   42.491901] random: udevadm: uninitialized urandom read (16 bytes read, 4 bits of entropy available)
[   42.491925] random: udevadm: uninitialized urandom read (16 bytes read, 4 bits of entropy available)
[   42.491954] random: udevadm: uninitialized urandom read (16 bytes read, 4 bits of entropy available)
[   42.491976] random: udevadm: uninitialized urandom read (16 bytes read, 4 bits of entropy available)
[   42.491999] random: udevadm: uninitialized urandom read (16 bytes read, 4 bits of entropy available)
[   42.492025] random: udevadm: uninitialized urandom read (16 bytes read, 4 bits of entropy available)
[   44.819538] FUJITSU Extended Socket Network Device Driver - version 1.0 - Copyright (c) 2015 FUJITSU LIMITED
[   44.869378] ACPI: Video Device [GFX0] (multi-head: yes  rom: no  post: no)
[   45.019846] input: Video Bus as /devices/LNXSYSTM:00/LNXSYBUS:00/PNP0A03:00/LNXVIDEO:00/input/input4
[   45.228007] Fusion MPT base driver 3.04.20
[   45.319554] Copyright (c) 1999-2008 LSI Corporation
[   45.441032] AVX version of gcm_enc/dec engaged.
[   45.617388] AES CTR mode by8 optimization enabled
[   45.754791] e1000: Intel(R) PRO/1000 Network Driver - version 7.3.21-k8-NAPI
[   45.949054] e1000: Copyright (c) 1999-2006 Intel Corporation.
[   45.950461] Fusion MPT SPI Host driver 3.04.20
[   45.951436] mptbase: ioc0: Initiating bringup
[   46.013575] ioc0: LSI53C1030 A0: Capabilities={Initiator}
[   46.178145] scsi host2: ioc0: LSI53C1030 A0, FwRev=00000000h, Ports=1, MaxQ=256, IRQ=20
[   46.253499] input: ImExPS/2 Generic Explorer Mouse as /devices/platform/i8042/serio1/input/input5
[   46.706086] scsi 2:0:0:0: Direct-Access     VBOX     HARDDISK         1.0  PQ: 0 ANSI: 5
[   46.775139] scsi target2:0:0: Beginning Domain Validation
[   46.860824] scsi target2:0:0: Domain Validation skipping write tests
[   46.939602] scsi target2:0:0: Ending Domain Validation
[   47.025080] scsi target2:0:0: asynchronous
[   47.045702] scsi 2:0:1:0: Direct-Access     VBOX     HARDDISK         1.0  PQ: 0 ANSI: 5
[   47.050575] scsi target2:0:1: Beginning Domain Validation
[   47.057323] scsi target2:0:1: Domain Validation skipping write tests
[   47.085936] scsi target2:0:1: Ending Domain Validation
[   47.094306] scsi target2:0:1: asynchronous
[   47.098508] e1000 0000:00:03.0 eth0: (PCI:33MHz:32-bit) 02:1f:97:0f:e2:73
[   47.098512] e1000 0000:00:03.0 eth0: Intel(R) PRO/1000 Network Connection
[   47.192660] sd 2:0:0:0: [sda] 20971520 512-byte logical blocks: (10.7 GB/10.0 GiB)
[   47.193066] sd 2:0:0:0: Attached scsi generic sg0 type 0
[   47.193177] sd 2:0:1:0: Attached scsi generic sg1 type 0
[   47.193323] sd 2:0:1:0: [sdb] 20480 512-byte logical blocks: (10.5 MB/10.0 MiB)
[   47.193467] sd 2:0:1:0: [sdb] Write Protect is off
[   47.193556] sd 2:0:1:0: [sdb] Incomplete mode parameter data
[   47.193557] sd 2:0:1:0: [sdb] Assuming drive cache: write through
[   47.215937] sd 2:0:1:0: [sdb] Attached SCSI disk
[   47.500857] e1000 0000:00:08.0 eth1: (PCI:33MHz:32-bit) 08:00:27:ac:e5:1d
[   47.500858] e1000 0000:00:08.0 eth1: Intel(R) PRO/1000 Network Connection
[   47.659309] sd 2:0:0:0: [sda] Write Protect is off
[   47.660568] sd 2:0:0:0: [sda] Incomplete mode parameter data
[   47.840262] sd 2:0:0:0: [sda] Assuming drive cache: write through
[   47.892807] e1000 0000:00:09.0 eth2: (PCI:33MHz:32-bit) 08:00:27:ad:9e:5e
[   47.892808] e1000 0000:00:09.0 eth2: Intel(R) PRO/1000 Network Connection
[   48.153921] e1000 0000:00:09.0 enp0s9: renamed from eth2
[   48.453833] floppy0: no floppy controllers found
[   48.714284] e1000 0000:00:03.0 enp0s3: renamed from eth0
[   48.895758]  sda: sda1
[   48.968706] sd 2:0:0:0: [sda] Attached SCSI disk
[   49.122602] e1000 0000:00:08.0 enp0s8: renamed from eth1
Begin: Loading e[   50.471568] md: linear personality registered for level -1
ssential drivers ... [   50.639664] md: multipath personality registered for level -4
[   50.840265] md: raid0 personality registered for level 0
[   50.996908] md: raid1 personality registered for level 1
[   51.225801] raid6: sse2x1   gen() 10541 MB/s
[   51.439639] raid6: sse2x1   xor()  5453 MB/s
[   51.649290] raid6: sse2x2   gen()  8094 MB/s
[   51.854805] raid6: sse2x2   xor()  7889 MB/s
[   52.057776] raid6: sse2x4   gen() 11749 MB/s
[   52.249344] raid6: sse2x4   xor()  9332 MB/s
[   52.395640] raid6: using algorithm sse2x4 gen() 11749 MB/s
[   52.505679] raid6: .... xor() 9332 MB/s, rmw enabled
[   52.694009] raid6: using ssse3x2 recovery algorithm
[   52.840408] xor: automatically using best checksumming function:
[   52.905091]    avx       : 22774.000 MB/sec
[   53.051073] async_tx: api initialized (async)
[   53.209861] md: raid6 personality registered for level 6
[   53.398320] md: raid5 personality registered for level 5
[   53.537930] md: raid4 personality registered for level 4
[   53.613675] md: raid10 personality registered for level 10
done.
Begin: Running /scripts/init-p[   53.846325] Btrfs loaded
remount ... done.
Begin: Mounting root file system ... Begin: Running /scripts/local-top ... done.
Begin: Running /scripts/local-premount ... Scanning for Btrfs filesystems
done.
Warning: fsck not present, so skipping root file system
[   53.968105] EXT4-fs (sda1): mounted filesystem with ordered data mode. Opts: (null)
done.
Begin: Running /scripts/local-bottom ... done.
Begin: Running /scripts/init-bottom ... done.
[   54.683794] random: nonblocking pool is initialized
[   54.911407] systemd[1]: systemd 229 running in system mode. (+PAM +AUDIT +SELINUX +IMA +APPARMOR +SMACK +SYSVINIT +UTMP +LIBCRYPTSETUP +GCRYPT +GNUTLS +ACL +XZ -LZ4 +SECCOMP +BLKID +ELFUTILS +KMOD -IDN)
[   55.093864] systemd[1]: Detected virtualization oracle.
[   55.275291] systemd[1]: Detected architecture x86-64.

Welcome to [1mUbuntu 16.04.2 LTS[0m!

[   55.466233] systemd[1]: Set hostname to <ubuntu-xenial>.
[   56.153136] systemd[1]: Listening on udev Kernel Socket.
[[0;32m  OK  [0m] Listening on udev Kernel Socket.
[   56.353475] systemd[1]: Listening on LVM2 metadata daemon socket.
[[0;32m  OK  [0m] Listening on LVM2 metadata daemon socket.
[   56.593558] systemd[1]: Set up automount Arbitrary Executable File Formats File System Automount Point.
[[0;32m  OK  [0m] Set up automount Arbitrary Executab...ats File System Automount Point.
[   56.893994] systemd[1]: Started Trigger resolvconf update for networkd DNS.
[[0;32m  OK  [0m] Started Trigger resolvconf update for networkd DNS.
[   57.005213] systemd[1]: Listening on Journal Socket.
[[0;32m  OK  [0m] Listening on Journal Socket.
[   57.225982] systemd[1]: Listening on Device-mapper event daemon FIFOs.
[[0;32m  OK  [0m] Listening on Device-mapper event daemon FIFOs.
[   57.474132] systemd[1]: Listening on LVM2 poll daemon socket.
[[0;32m  OK  [0m] Listening on LVM2 poll daemon socket.
[   57.655668] systemd[1]: Reached target User and Group Name Lookups.
[[0;32m  OK  [0m] Reached target User and Group Name Lookups.
[   57.832742] systemd[1]: Reached target Swap.
[[0;32m  OK  [0m] Reached target Swap.
[   57.950239] systemd[1]: Listening on Syslog Socket.
[[0;32m  OK  [0m] Listening on Syslog Socket.
[   58.142970] systemd[1]: Reached target Encrypted Volumes.
[[0;32m  OK  [0m] Reached target Encrypted Volumes.
[   58.402072] systemd[1]: Started Forward Password Requests to Wall Directory Watch.
[[0;32m  OK  [0m] Started Forward Password Requests to Wall Directory Watch.
[   58.698262] systemd[1]: Listening on Journal Audit Socket.
[[0;32m  OK  [0m] Listening on Journal Audit Socket.
[   58.813422] systemd[1]: Listening on Journal Socket (/dev/log).
[[0;32m  OK  [0m] Listening on Journal Socket (/dev/log).
[   58.917593] systemd[1]: Created slice System Slice.
[[0;32m  OK  [0m] Created slice System Slice.
[   59.089569] systemd[1]: Mounting Debug File System...
         Mounting Debug File System...
[   59.229860] systemd[1]: Starting Set console keymap...
         Starting Set console keymap...
[   59.386122] systemd[1]: Mounting POSIX Message Queue File System...
         Mounting POSIX Message Queue File System...
[   59.618054] systemd[1]: Starting Create list of required static device nodes for the current kernel...
         Starting Create list of required st... nodes for the current kernel...
[   59.958410] systemd[1]: Starting Remount Root and Kernel File Systems...
[   59.963375] EXT4-fs (sda1): re-mounted. Opts: (null)
         Starting Remount Root and Kernel File Systems...
[   60.205240] systemd[1]: Starting Load Kernel Modules...
[   60.301842] Loading iSCSI transport class v2.0-870.
         Starting Load Kernel Mo[   60.319600] iscsi: registered transport (tcp)
dules...
[   60.501357] systemd[1]: Mounting RPC Pipe File System...
         Mountin[   60.678360] RPC: Registered named UNIX socket transport module.
g RPC Pipe File [   60.841149] RPC: Registered udp transport module.
System...
[   60.939458] RPC: Registered tcp transport module.
[   61.063538] RPC: Registered tcp NFSv4.1 backchannel transport module.
[   61.063835] systemd[1]: Starting Uncomplicated firewall...
         Startin[   61.118511] iscsi: registered transport (iser)
g Uncomplicated firewall...
[   61.313388] systemd[1]: Starting Journal Service...
         Starting Journal Service...
[   61.546002] systemd[1]: Created slice system-serial\x2dgetty.slice.
[[0;32m  OK  [0m] Created slice system-serial\x2dgetty.slice.
[   61.785862] systemd[1]: Mounting Huge Pages File System...
         Mounting Huge Pages File System...
[   61.954261] systemd[1]: Listening on udev Control Socket.
[[0;32m  OK  [0m] Listening on udev Control Socket.
[   62.099792] systemd[1]: Created slice User and Session Slice.
[[0;32m  OK  [0m] Created slice User and Session Slice.
[   62.237482] systemd[1]: Starting Nameserver information manager...
         Starting Nameserver information manager...
[   62.361144] systemd[1]: Starting Monitoring of LVM2 mirrors, snapshots etc. using dmeventd or progress polling...
         Starting Monitoring of LVM2 mirrors... dmeventd or progress polling...
[   62.482108] systemd[1]: Listening on /dev/initctl Compatibility Named Pipe.
[[0;32m  OK  [0m] Listening on /dev/initctl Compatibility Named Pipe.
[   62.778064] systemd[1]: Reached target Slices.
[[0;32m  OK  [0m] Reached target Slices.
[   62.917794] systemd[1]: Mounted RPC Pipe File System.
[[0;32m  OK  [0m] Mounted RPC Pipe File System.
[   63.129565] systemd[1]: Mounted POSIX Message Queue File System.
[[0;32m  OK  [0m] Mounted POSIX Message Queue File System.
[   63.345663] systemd[1]: Mounted Huge Pages File System.
[[0;32m  OK  [0m] Mounted Huge Pages File System.
[   63.573576] systemd[1]: Mounted Debug File System.
[[0;32m  OK  [0m] Mounted Debug File System.
[   63.742036] systemd[1]: Started Journal Service.
[[0;32m  OK  [0m] Started Journal Service.
[[0;32m  OK  [0m] Started Set console keymap.
[[0;32m  OK  [0m] Started Create list of required sta...ce nodes for the current kernel.
[[0;32m  OK  [0m] Started Remount Root and Kernel File Systems.
[[0;32m  OK  [0m] Started Load Kernel Modules.
[[0;32m  OK  [0m] Started Uncomplicated firewall.
[[0;32m  OK  [0m] Started Nameserver information manager.
[[0;32m  OK  [0m] Started LVM2 metadata daemon.
         Starting Apply Kernel Variables...
         Mounting FUSE Control File System...
         Starting udev Coldplug all Devices...
         Starting Load/Save Random Seed...
         Starting Initial cloud-init job (pre-networking)...
         Starting Create Static Device Nodes in /dev...
         Starting Flush Journal to Persistent Storage...
[[0;32m  OK  [0m] Mounted FUSE Control File System.
[[0;32m  OK  [0m] Started Monitoring of LVM2 mirrors,...ng dmeventd or progress polling.
[[0;32m  OK  [0m] Started Apply Kernel Variables.
[[0;32m  OK  [0m] Started Load/Save Random Seed.
[[0;32m  OK  [0m] Started Create Static Device Nodes in /dev.
[[0;32m  OK  [0m] Started udev Coldplug all Devices.
         Starting udev Kernel Device Manager...
[[0;32m  OK  [0m] Started Flush Journal to Persistent Storage.
[[0;32m  OK  [0m] Started udev Kernel Device Manager.
[[0;32m  OK  [0m] Started Dispatch Password Requests to Console Directory Watch.
[[0;32m  OK  [0m] Reached target Local File Systems (Pre).
[[0;32m  OK  [0m] Reached target Local File Systems.
         Starting LSB: AppArmor initialization...
         Starting Preprocess NFS configuration...
         Starting Tell Plymouth To Write Out Runtime Data...
         Starting Create Volatile Files and Directories...
         Starting Set console font and keymap...[   66.163343] intel_rapl: no valid rapl domains found in package 0

[[0;32m  OK  [0m] Started Preprocess NFS configuration.
[[0;32m  OK  [0m] Started Tell Plymouth To Write Out Runtime Data.
[[0;32m  OK  [0m] Found device /dev/ttyS0.
[[0;32m  OK  [0m] Reached target NFS client services.
[[0;32m  OK  [0m] Found device 82540EM Gigabit Ethern...r (PRO/1000 MT Desktop Adapter).
[[0;32m  OK  [0m] Found device 82540EM Gigabit Ethern...r (PRO/1000 MT Desktop Adapter).
[[0;32m  OK  [0m] Started Create Volatile Files and Directories.
[[0;32m  OK  [0m] Found device 82540EM Gigabit Ethern...r (PRO/1000 MT Desktop Adapter).
[[0;32m  OK  [0m] Started LSB: AppArmor initialization.
[[0;32m  OK  [0m] Started Set console font and keymap.
[[0;32m  OK  [0m] Listening on Load/Save RF Kill Switch Status /dev/rfkill Watch.
[[0;32m  OK  [0m] Created slice system-getty.slice.
[[0;32m  OK  [0m] Reached target System Time Synchronized.
         Starting Update UTMP about System Boot/Shutdown...
[[0;32m  OK  [0m] Reached target Sound Card.
[[0;32m  OK  [0m] Started Update UTMP about System Boot/Shutdown.
[   35.898207] cloud-init[477]: Cloud-init v. 0.7.9 running 'init-local' at Thu, 15 Jun 2017 08:01:48 +0000. Up 35.49 seconds.
[[0;32m  OK  [0m] Started Initial cloud-init job (pre-networking).
[[0;32m  OK  [0m] Reached target Network (Pre).
         Starting Raise network interfaces...
[[0;32m  OK  [0m] Started ifup for enp0s9.
[[0;32m  OK  [0m] Started ifup for enp0s3.
[[0;32m  OK  [0m] Started ifup for enp0s8.
[[0;32m  OK  [0m] Started Raise network interfaces.
[[0;32m  OK  [0m] Reached target Network.
         Starting Initial cloud-init job (metadata service crawler)...
[   37.747383] cloud-init[1197]: Cloud-init v. 0.7.9 running 'init' at Thu, 15 Jun 2017 08:01:49 +0000. Up 37.37 seconds.
[[   37.884916] [0;32m  OK  [0mcloud-init] [1197]: Started Initial cloud-init job (metadata service crawler).ci-info: +++++++++++++++++++++++++++++++++++++++Net device info+++++++++++++++++++++++++++++++++++++++

[   37.885515] cloud-init[1197]: ci-info: +--------+------+-----------------------------+-----------------+-------+-------------------+
[   38.169122] [cloud-init[0;32m  OK  [0m[1197]: ] ci-info: | Device |  Up  |           Address           |       Mask      | Scope |     Hw-Address    |Reached target Cloud-config availability.

[[   38.170148] [0;32m  OK  [0mcloud-init] [1197]: Reached target Network is Online.ci-info: +--------+------+-----------------------------+-----------------+-------+-------------------+

[   38.508309]          cloud-initStarting iSCSI initiator daemon (iscsid)...[1197]: 
ci-info: | enp0s9 | True |        172.16.78.113        | 255.255.255.128 |   .   | 08:00:27:ad:9e:5e |
[   38.660922] [cloud-init[0;32m  OK  [0m[1197]: ] ci-info: | enp0s9 | True | fe80::a00:27ff:fead:9e5e/64 |        .        |  link | 08:00:27:ad:9e:5e |Reached target System Initialization.

[   38.661634] cloud-init[1197]: ci-info: |   lo   | True |          127.0.0.1          |    255.0.0.0    |   .   |         .         |
[   38.964747] [cloud-init[0;32m  OK  [0m[1197]: ] ci-info: |   lo   | True |           ::1/128           |        .        |  host |         .         |Started Timer to automatically refresh installed snaps.

[   38.965398] [cloud-init[0;32m  OK  [0m[1197]: ] ci-info: | enp0s8 | True |         192.168.1.10        |  255.255.255.0  |   .   | 08:00:27:ac:e5:1d |Started Daily apt activities.

[[   39.162130] [0;32m  OK  [0mcloud-init] [1197]: Listening on ACPID Listen Socket.ci-info: | enp0s8 | True | fe80::a00:27ff:feac:e51d/64 |        .        |  link | 08:00:27:ac:e5:1d |

[   39.488370]          cloud-initStarting Socket activation for snappy daemon.[1197]: 
ci-info: | enp0s3 | True |          10.0.2.15          |  255.255.255.0  |   .   | 02:1f:97:0f:e2:73 |
[   39.645073]          cloud-initStarting Docker Socket for the API.[1197]: 
ci-info: | enp0s3 | True |  fe80::1f:97ff:fe0f:e273/64 |        .        |  link | 02:1f:97:0f:e2:73 |
[   39.832645] [cloud-init[0;32m  OK  [0m[1197]: ] ci-info: +--------+------+-----------------------------+-----------------+-------+-------------------+Started ACPI Events Check.

[[   39.833641] [0;32m  OK  [0mcloud-init] [1197]: Reached target Paths.ci-info: ++++++++++++++++++++++++++++Route IPv4 info+++++++++++++++++++++++++++++

[   40.132547] [cloud-init[0;32m  OK  [0m[1197]: ] ci-info: +-------+-------------+----------+-----------------+-----------+-------+Started Daily Cleanup of Temporary Directories.

[[   40.132775] [0;32m  OK  [0mcloud-init] [1197]: Reached target Timers.ci-info: | Route | Destination | Gateway  |     Genmask     | Interface | Flags |

[   40.384197]          cloud-initStarting LXD - unix socket.[1197]: 
ci-info: +-------+-------------+----------+-----------------+-----------+-------+
[   40.548595] [cloud-init[0;32m  OK  [0m[1197]: ] ci-info: |   0   |   0.0.0.0   | 10.0.2.2 |     0.0.0.0     |   enp0s3  |   UG  |Listening on D-Bus System Message Bus Socket.

[   40.648767] [cloud-init[0;32m  OK  [0m[1197]: ] ci-info: |   1   |   10.0.2.0  | 0.0.0.0  |  255.255.255.0  |   enp0s3  |   U   |Listening on UUID daemon activation socket.

[[   40.649047] [0;32m  OK  [0mcloud-init] [1197]: Listening on RPCbind Server Activation Socket.ci-info: |   2   | 172.16.78.0 | 0.0.0.0  | 255.255.255.128 |   enp0s9  |   U   |

[[0;32m  OK  [0m] Listening on Socket activation for snappy daemon.
[[   40.902585] [0;32m  OK  [0mcloud-init] [1197]: Listening on Docker Socket for the API.ci-info: |   3   | 192.168.1.0 | 0.0.0.0  |  255.255.255.0  |   enp0s8  |   U   |

[   41.084565] [cloud-init[0;32m  OK  [0m[1197]: ] ci-info: +-------+-------------+----------+-----------------+-----------+-------+Listening on LXD - unix socket.

[[0;32m  OK  [0m] Started iSCSI initiator daemon (iscsid).
         Starting Login to default iSCSI targets...
[[0;32m  OK  [0m] Reached target Sockets.
[[0;32m  OK  [0m] Reached target Basic System.
         Starting Accounts Service...
         Starting System Logging Service...
         Starting LXD - container startup/shutdown...
[[0;32m  OK  [0m] Started Deferred execution scheduler.
[[0;32m  OK  [0m] Started Unattended Upgrades Shutdown.
         Starting Login Service...
[[0;32m  OK  [0m] Started ACPI event daemon.
         Starting /etc/rc.local Compatibility...
[[0;32m  OK  [0m] Started FUSE filesystem for LXC.
         Starting vboxadd-x11.service...
         Starting Thermal Daemon Service...
         Starting LSB: MD monitoring daemon...
[[0;32m  OK  [0m] Started Regular background program processing daemon.
         Starting Apply the settings specified in cloud-config...
         Starting Docker Application Container Engine...
         Starting vboxadd.service...
         Starting OpenBSD Secure Shell server...
         Starting LSB: Record successful boot for GRUB...
[[0;32m  OK  [0m] Started D-Bus System Message Bus.
[[0;32m  OK  [0m] Started Snappy daemon.
         Starting Auto import assertions from block devices...
[   42.617436] cloud-init[1300]: Cloud-init v. 0.7.9 running 'modules:config' at Thu, 15 Jun 2017 08:01:54 +0000. Up 42.26 seconds.
[[0;32m  OK  [0m] Started System Logging Service.
[[0;32m  OK  [0m] Started /etc/rc.local Compatibility.
[[0;32m  OK  [0m] Started vboxadd-x11.service.
[[0;32m  OK  [0m] Started Apply the settings specified in cloud-config.
[[0;32m  OK  [0m] Started Auto import assertions from block devices.
[[0;32m  OK  [0m] Started Thermal Daemon Service.
[[0;32m  OK  [0m] Started LXD - container startup/shutdown.
[[0;32m  OK  [0m] Started OpenBSD Secure Shell server.
[[0;32m  OK  [0m] Started Login Service.
[[0;32m  OK  [0m] Started vboxadd.service.
         Starting vboxadd-service.service...
         Starting Authenticate and Authorize Users to Run Privileged Tasks...
[[0;32m  OK  [0m] Started LSB: Record successful boot for GRUB.
[[0;32m  OK  [0m] Started LSB: MD monitoring daemon.
[[0;32m  OK  [0m] Started Login to default iSCSI targets.
[[0;32m  OK  [0m] Started vboxadd-service.service.
[[0;32m  OK  [0m] Started Authenticate and Authorize Users to Run Privileged Tasks.
[[0;32m  OK  [0m] Started Accounts Service.
[[0;32m  OK  [0m] Reached target Remote File Systems (Pre).
[[0;32m  OK  [0m] Reached target Remote File Systems.
         Starting LSB: Set up cgroupfs mounts....
         Starting LSB: daemon to balance interrupts for SMP systems...
         Starting Permit User Sessions...
         Starting LSB: automatic crash report generation...
         Starting LSB: Set the CPU Frequency Scaling governor to "ondemand"...
[[0;32m  OK  [0m] Started LSB: Set up cgroupfs mounts..
[[0;32m  OK  [0m] Started Permit User Sessions.
[[0;32m  OK  [0m] Created slice User Slice of ubuntu.
         Starting User Manager for UID 1000...
[[0;32m  OK  [0m] Started Session 1 of user ubuntu.
         Starting Terminate Plymouth Boot Screen...
         Starting Hold until boot process finishes up...
[[0;32m  OK  [0m] Started User Manager for UID 1000.
[[0;32m  OK  [0m] Started LSB: daemon to balance interrupts for SMP systems.
[[0;32m  OK  [0m] Started LSB: automatic crash report generation.
[[0;32m  OK  [0m] Started LSB: Set the CPU Frequency Scaling governor to "ondemand".
[[0;32m  OK  [0m] Started Terminate Plymouth Boot Screen.
[[0;32m  OK  [0m] Started Hold until boot process finishes up.
[[0;32m  OK  [0m] Started Serial Getty on ttyS0.
[[0;32m  OK  [0m] Started Getty on tty1.
[[0;32m  OK  [0m] Reached target Login Prompts.
         Starting Set console scheme...
[[0;32m  OK  [0m] Started Set console scheme.
[[0;32m  OK  [0m] Started Docker Application Container Engine.
[[0;32m  OK  [0m] Reached target Multi-User System.
[[0;32m  OK  [0m] Reached target Graphical Interface.
         Starting Update UTMP about System Runlevel Changes...
         Starting Execute cloud user/final scripts...
[[0;32m  OK  [0m] Started Update UTMP about System Runlevel Changes.
[   48.305800] cloud-init[2185]: Cloud-init v. 0.7.9 running 'modules:final' at Thu, 15 Jun 2017 08:02:00 +0000. Up 48.16 seconds.
[   48.453027] [cloud-init[0;32m  OK  [0m[2185]: ] Cloud-init v. 0.7.9 finished at Thu, 15 Jun 2017 08:02:00 +0000. Datasource DataSourceNoCloud [seed=/dev/sdb][dsmode=net].  Up 48.29 secondsStarted Execute cloud user/final scripts.

[[0;32m  OK  [0m] Reached target Cloud-init target.

Ubuntu 16.04.2 LTS ubuntu-xenial ttyS0

ubuntu-xenial login: [[0;32m  O[         Stopping Serial Getty on ttyS0...
         Stopping LSB: automatic crash report generation...
         Stopping LSB: Set up cgroupfs mounts....
         Stopping Docker Application Container Engine...
         Stopping FUSE filesystem for LXC...
         Stopping LSB: Set the CPU Frequency Scaling governor to "ondemand"...
         Stopping vboxadd-service.service...
         Stopping LXD - container startup/shutdown...
         Stopping Snappy daemon...
         Stopping LSB: Record successful boot for GRUB...
         Stopping D-Bus System Message Bus...
         Stopping LSB: MD monitoring daemon...
         Stopping Session 1 of user ubuntu.
         Unmounting RPC Pipe File System...
         Stopping LSB: daemon to balance interrupts for SMP systems...
         Stopping OpenBSD Secure Shell server...
         Stopping vboxadd-x11.service...
[[0;32m  OK  [0m] Stopped Daily apt activities.
[[0;32m  OK  [0m] Stopped target System Time Synchronized.
         Stopping Authenticate and Authorize Users to Run Privileged Tasks...
[[0;32m  OK  [0m] Unmounted /run/docker/netns/b789351331fb.
[[0;32m  OK  [0m] Unmounted /var/lib/docker/container...84d3bc860162e0b012810753a73/shm.
[[0;32m  OK  [0m] Unmounted /var/lib/docker/aufs/mnt/...3708470989d25e873b7562329d33be0.
[[0;32m  OK  [0m] Unmounted /var/lib/docker/aufs.
[[0;32m  OK  [0m] Unmounted /var/lib/lxcfs.
[[0;32m  OK  [0m] Stopped Accounts Service.
[[0;32m  OK  [0m] Stopped System Logging Service.
[[0;32m  OK  [0m] Stopped Deferred execution scheduler.
[[0;32m  OK  [0m] Stopped ACPI event daemon.
[[0;32m  OK  [0m] Stopped Regular background program processing daemon.
[[0;32m  OK  [0m] Stopped OpenBSD Secure Shell server.
[[0;32m  OK  [0m] Stopped Snappy daemon.
[[0;32m  OK  [0m] Stopped Authenticate and Authorize Users to Run Privileged Tasks.
[[0;32m  OK  [0m] Stopped Docker Application Container Engine.
[[0;32m  OK  [0m] Stopped User Manager for UID 1000.
[[0;32m  OK  [0m] Stopped Serial Getty on ttyS0.
[[0;32m  OK  [0m] Stopped Getty on tty1.
[[0;32m  OK  [0m] Stopped Session 1 of user ubuntu.
[[0;32m  OK  [0m] Stopped Session 11 of user ubuntu.
[[0;32m  OK  [0m] Stopped Unattended Upgrades Shutdown.
[[0;32m  OK  [0m] Stopped LSB: Set up cgroupfs mounts..
[[0;32m  OK  [0m] Stopped vboxadd-service.service.
[[0;32m  OK  [0m] Stopped D-Bus System Message Bus.
[[0;32m  OK  [0m] Unmounted RPC Pipe File System.
[[0;32m  OK  [0m] Stopped vboxadd-x11.service.
[[0;32m  OK  [0m] Stopped FUSE filesystem for LXC.
[[0;32m  OK  [0m] Stopped LXD - container startup/shutdown.
[[0;32m  OK  [0m] Stopped LSB: automatic crash report generation.
[[0;32m  OK  [0m] Stopped LSB: Set the CPU Frequency Scaling governor to "ondemand".
[[0;32m  OK  [0m] Stopped LSB: Record successful boot for GRUB.
[[0;32m  OK  [0m] Stopped LSB: MD monitoring daemon.
[[0;32m  OK  [0m] Stopped LSB: daemon to balance interrupts for SMP systems.
         Stopping vboxadd.service...
[[0;32m  OK  [0m] Removed slice system-getty.slice.
[[0;32m  OK  [0m] Removed slice system-serial\x2dgetty.slice.
[[0;32m  OK  [0m] Stopped /etc/rc.local Compatibility.
[[0;32m  OK  [0m] Removed slice User Slice of ubuntu.
         Stopping Permit User Sessions...
         Stopping Login Service...
[[0;32m  OK  [0m] Unmounted /vagrant.
[[0;32m  OK  [0m] Stopped vboxadd.service.
[[0;32m  OK  [0m] Stopped Login Service.
[[0;32m  OK  [0m] Stopped Permit User Sessions.
[[0;32m  OK  [0m] Stopped target Remote File Systems.
         Unmounting /home/ubuntu/workspace/FRR...
         Unmounting /home/ubuntu/workspace/AREF...
         Unmounting /home/ubuntu/workspace/AFB/PATBiodiv...
[[0;32m  OK  [0m] Stopped target User and Group Name Lookups.
[[0;32m  OK  [0m] Stopped target Basic System.
[[0;32m  OK  [0m] Stopped target Slices.
[[0;32m  OK  [0m] Removed slice User and Session Slice.
[[0;32m  OK  [0m] Stopped target Sockets.
[[0;32m  OK  [0m] Closed LXD - unix socket.
[[0;32m  OK  [0m] Closed Socket activation for snappy daemon.
[[0;32m  OK  [0m] Closed ACPID Listen Socket.
[[0;32m  OK  [0m] Closed UUID daemon activation socket.
[[0;32m  OK  [0m] Closed Syslog Socket.
[[0;32m  OK  [0m] Closed RPCbind Server Activation Socket.
[[0;32m  OK  [0m] Closed D-Bus System Message Bus Socket.
[[0;32m  OK  [0m] Closed Docker Socket for the API.
[[0;32m  OK  [0m] Stopped target Paths.
[[0;32m  OK  [0m] Stopped Forward Password Requests to Wall Directory Watch.
[[0;32m  OK  [0m] Stopped ACPI Events Check.
[[0;32m  OK  [0m] Stopped target System Initialization.
[[0;32m  OK  [0m] Stopped Create Volatile Files and Directories.
         Stopping Load/Save Random Seed...
[[0;32m  OK  [0m] Stopped target Swap.
[[0;32m  OK  [0m] Stopped target Encrypted Volumes.
[[0;32m  OK  [0m] Stopped Dispatch Password Requests to Console Directory Watch.
[[0;32m  OK  [0m] Stopped Load/Save Random Seed.
[[0;32m  OK  [0m] Unmounted /home/ubuntu/workspace/AFB/PATBiodiv.
